<?xml version="1.0" encoding="UTF-8"?>
<testng-results skipped="0" failed="0" ignored="0" total="1" passed="1">
  <reporter-output>
  </reporter-output>
  <suite name="Command line suite" duration-ms="35" started-at="2018-04-11T10:21:39Z" finished-at="2018-04-11T10:21:39Z">
    <groups>
    </groups>
    <test name="Command line test" duration-ms="35" started-at="2018-04-11T10:21:39Z" finished-at="2018-04-11T10:21:39Z">
      <class name="abc.AppTest">
        <test-method status="PASS" signature="testApp()[pri:0, instance:testApp(abc.AppTest)]" name="testApp" duration-ms="1" started-at="2018-04-11T15:51:39Z" finished-at="2018-04-11T15:51:39Z">
          <reporter-output>
          </reporter-output>
        </test-method> <!-- testApp -->
      </class> <!-- abc.AppTest -->
    </test> <!-- Command line test -->
  </suite> <!-- Command line suite -->
</testng-results>
