<?xml version="1.0" encoding="UTF-8"?>
<testng-results skipped="0" failed="0" ignored="0" total="4" passed="4">
  <reporter-output>
  </reporter-output>
  <suite name="Command line suite" duration-ms="54" started-at="2018-04-11T10:21:39Z" finished-at="2018-04-11T10:21:39Z">
    <groups>
    </groups>
    <test name="Command line test" duration-ms="54" started-at="2018-04-11T10:21:39Z" finished-at="2018-04-11T10:21:39Z">
      <class name="abc.abcTest">
        <test-method status="PASS" signature="m1()[pri:0, instance:abc.abcTest@75222b]" name="m1" duration-ms="9" started-at="2018-04-11T15:51:39Z" finished-at="2018-04-11T15:51:39Z">
          <reporter-output>
          </reporter-output>
        </test-method> <!-- m1 -->
        <test-method status="PASS" signature="m2()[pri:0, instance:abc.abcTest@75222b]" name="m2" duration-ms="0" started-at="2018-04-11T15:51:39Z" finished-at="2018-04-11T15:51:39Z">
          <reporter-output>
          </reporter-output>
        </test-method> <!-- m2 -->
        <test-method status="PASS" signature="m3()[pri:0, instance:abc.abcTest@75222b]" name="m3" duration-ms="0" started-at="2018-04-11T15:51:39Z" finished-at="2018-04-11T15:51:39Z">
          <reporter-output>
          </reporter-output>
        </test-method> <!-- m3 -->
        <test-method status="PASS" signature="m4()[pri:0, instance:abc.abcTest@75222b]" name="m4" duration-ms="0" started-at="2018-04-11T15:51:39Z" finished-at="2018-04-11T15:51:39Z">
          <reporter-output>
          </reporter-output>
        </test-method> <!-- m4 -->
      </class> <!-- abc.abcTest -->
    </test> <!-- Command line test -->
  </suite> <!-- Command line suite -->
</testng-results>
