<?xml version="1.0" encoding="UTF-8"?>
<!-- Generated by org.testng.reporters.JUnitXMLReporter -->
<testsuite hostname="Anusha-PC" ignored="0" name="Command line test" tests="4" failures="0" timestamp="11 Apr 2018 10:21:39 GMT" time="0.054" errors="0">
  <testcase name="m1" time="0.009" classname="abc.abcTest"/>
  <testcase name="m2" time="0.0" classname="abc.abcTest"/>
  <testcase name="m3" time="0.0" classname="abc.abcTest"/>
  <testcase name="m4" time="0.0" classname="abc.abcTest"/>
</testsuite> <!-- Command line test -->
